[2025-06-30 10:52:21] local.ERROR: SQLSTATE[HY000] [1045] Access denied for user 'root'@'127.0.0.1' (using password: NO) (Connection: mysql, SQL: select * from `education` order by `created_at` desc limit 5) {"exception":"[object] (Illuminate\\Database\\QueryException(code: 1045): SQLSTATE[HY000] [1045] Access denied for user 'root'@'127.0.0.1' (using password: NO) (Connection: mysql, SQL: select * from `education` order by `created_at` desc limit 5) at /home/u599275633/domains/citycross.in/public_html/niswarthsewa/vendor/laravel/framework/src/Illuminate/Database/Connection.php:801)
[stacktrace]
#0 /home/u599275633/domains/citycross.in/public_html/niswarthsewa/vendor/laravel/framework/src/Illuminate/Database/Connection.php(755): Illuminate\\Database\\Connection->runQueryCallback()
#1 /home/u599275633/domains/citycross.in/public_html/niswarthsewa/vendor/laravel/framework/src/Illuminate/Database/Connection.php(407): Illuminate\\Database\\Connection->run()
#2 /home/u599275633/domains/citycross.in/public_html/niswarthsewa/vendor/laravel/framework/src/Illuminate/Database/Query/Builder.php(2751): Illuminate\\Database\\Connection->select()
#3 /home/u599275633/domains/citycross.in/public_html/niswarthsewa/vendor/laravel/framework/src/Illuminate/Database/Query/Builder.php(2740): Illuminate\\Database\\Query\\Builder->runSelect()
#4 /home/u599275633/domains/citycross.in/public_html/niswarthsewa/vendor/laravel/framework/src/Illuminate/Database/Query/Builder.php(3294): Illuminate\\Database\\Query\\Builder->Illuminate\\Database\\Query\\{closure}()
#5 /home/u599275633/domains/citycross.in/public_html/niswarthsewa/vendor/laravel/framework/src/Illuminate/Database/Query/Builder.php(2739): Illuminate\\Database\\Query\\Builder->onceWithColumns()
#6 /home/u599275633/domains/citycross.in/public_html/niswarthsewa/vendor/laravel/framework/src/Illuminate/Database/Eloquent/Builder.php(737): Illuminate\\Database\\Query\\Builder->get()
#7 /home/u599275633/domains/citycross.in/public_html/niswarthsewa/vendor/laravel/framework/src/Illuminate/Database/Eloquent/Builder.php(721): Illuminate\\Database\\Eloquent\\Builder->getModels()
#8 /home/u599275633/domains/citycross.in/public_html/niswarthsewa/app/Http/Controllers/Frontend/HomeController.php(18): Illuminate\\Database\\Eloquent\\Builder->get()
#9 /home/u599275633/domains/citycross.in/public_html/niswarthsewa/vendor/laravel/framework/src/Illuminate/Routing/Controller.php(54): App\\Http\\Controllers\\Frontend\\HomeController->index()
#10 /home/u599275633/domains/citycross.in/public_html/niswarthsewa/vendor/laravel/framework/src/Illuminate/Routing/ControllerDispatcher.php(43): Illuminate\\Routing\\Controller->callAction()
#11 /home/u599275633/domains/citycross.in/public_html/niswarthsewa/vendor/laravel/framework/src/Illuminate/Routing/Route.php(259): Illuminate\\Routing\\ControllerDispatcher->dispatch()
#12 /home/u599275633/domains/citycross.in/public_html/niswarthsewa/vendor/laravel/framework/src/Illuminate/Routing/Route.php(205): Illuminate\\Routing\\Route->runController()
#13 /home/u599275633/domains/citycross.in/public_html/niswarthsewa/vendor/laravel/framework/src/Illuminate/Routing/Router.php(799): Illuminate\\Routing\\Route->run()
#14 /home/u599275633/domains/citycross.in/public_html/niswarthsewa/vendor/laravel/framework/src/Illuminate/Pipeline/Pipeline.php(141): Illuminate\\Routing\\Router->Illuminate\\Routing\\{closure}()
#15 /home/u599275633/domains/citycross.in/public_html/niswarthsewa/vendor/laravel/framework/src/Illuminate/Routing/Middleware/SubstituteBindings.php(50): Illuminate\\Pipeline\\Pipeline->Illuminate\\Pipeline\\{closure}()
#16 /home/u599275633/domains/citycross.in/public_html/niswarthsewa/vendor/laravel/framework/src/Illuminate/Pipeline/Pipeline.php(180): Illuminate\\Routing\\Middleware\\SubstituteBindings->handle()
#17 /home/u599275633/domains/citycross.in/public_html/niswarthsewa/vendor/laravel/framework/src/Illuminate/Foundation/Http/Middleware/VerifyCsrfToken.php(78): Illuminate\\Pipeline\\Pipeline->Illuminate\\Pipeline\\{closure}()
#18 /home/u599275633/domains/citycross.in/public_html/niswarthsewa/vendor/laravel/framework/src/Illuminate/Pipeline/Pipeline.php(180): Illuminate\\Foundation\\Http\\Middleware\\VerifyCsrfToken->handle()
#19 /home/u599275633/domains/citycross.in/public_html/niswarthsewa/vendor/laravel/framework/src/Illuminate/View/Middleware/ShareErrorsFromSession.php(49): Illuminate\\Pipeline\\Pipeline->Illuminate\\Pipeline\\{closure}()
#20 /home/u599275633/domains/citycross.in/public_html/niswarthsewa/vendor/laravel/framework/src/Illuminate/Pipeline/Pipeline.php(180): Illuminate\\View\\Middleware\\ShareErrorsFromSession->handle()
#21 /home/u599275633/domains/citycross.in/public_html/niswarthsewa/vendor/laravel/framework/src/Illuminate/Session/Middleware/StartSession.php(121): Illuminate\\Pipeline\\Pipeline->Illuminate\\Pipeline\\{closure}()
#22 /home/u599275633/domains/citycross.in/public_html/niswarthsewa/vendor/laravel/framework/src/Illuminate/Session/Middleware/StartSession.php(64): Illuminate\\Session\\Middleware\\StartSession->handleStatefulRequest()
#23 /home/u599275633/domains/citycross.in/public_html/niswarthsewa/vendor/laravel/framework/src/Illuminate/Pipeline/Pipeline.php(180): Illuminate\\Session\\Middleware\\StartSession->handle()
#24 /home/u599275633/domains/citycross.in/public_html/niswarthsewa/vendor/laravel/framework/src/Illuminate/Cookie/Middleware/AddQueuedCookiesToResponse.php(37): Illuminate\\Pipeline\\Pipeline->Illuminate\\Pipeline\\{closure}()
#25 /home/u599275633/domains/citycross.in/public_html/niswarthsewa/vendor/laravel/framework/src/Illuminate/Pipeline/Pipeline.php(180): Illuminate\\Cookie\\Middleware\\AddQueuedCookiesToResponse->handle()
#26 /home/u599275633/domains/citycross.in/public_html/niswarthsewa/vendor/laravel/framework/src/Illuminate/Cookie/Middleware/EncryptCookies.php(67): Illuminate\\Pipeline\\Pipeline->Illuminate\\Pipeline\\{closure}()
#27 /home/u599275633/domains/citycross.in/public_html/niswarthsewa/vendor/laravel/framework/src/Illuminate/Pipeline/Pipeline.php(180): Illuminate\\Cookie\\Middleware\\EncryptCookies->handle()
#28 /home/u599275633/domains/citycross.in/public_html/niswarthsewa/vendor/laravel/framework/src/Illuminate/Pipeline/Pipeline.php(116): Illuminate\\Pipeline\\Pipeline->Illuminate\\Pipeline\\{closure}()
#29 /home/u599275633/domains/citycross.in/public_html/niswarthsewa/vendor/laravel/framework/src/Illuminate/Routing/Router.php(798): Illuminate\\Pipeline\\Pipeline->then()
#30 /home/u599275633/domains/citycross.in/public_html/niswarthsewa/vendor/laravel/framework/src/Illuminate/Routing/Router.php(777): Illuminate\\Routing\\Router->runRouteWithinStack()
#31 /home/u599275633/domains/citycross.in/public_html/niswarthsewa/vendor/laravel/framework/src/Illuminate/Routing/Router.php(741): Illuminate\\Routing\\Router->runRoute()
#32 /home/u599275633/domains/citycross.in/public_html/niswarthsewa/vendor/laravel/framework/src/Illuminate/Routing/Router.php(730): Illuminate\\Routing\\Router->dispatchToRoute()
#33 /home/u599275633/domains/citycross.in/public_html/niswarthsewa/vendor/laravel/framework/src/Illuminate/Foundation/Http/Kernel.php(200): Illuminate\\Routing\\Router->dispatch()
#34 /home/u599275633/domains/citycross.in/public_html/niswarthsewa/vendor/laravel/framework/src/Illuminate/Pipeline/Pipeline.php(141): Illuminate\\Foundation\\Http\\Kernel->Illuminate\\Foundation\\Http\\{closure}()
#35 /home/u599275633/domains/citycross.in/public_html/niswarthsewa/vendor/laravel/framework/src/Illuminate/Foundation/Http/Middleware/TransformsRequest.php(21): Illuminate\\Pipeline\\Pipeline->Illuminate\\Pipeline\\{closure}()
#36 /home/u599275633/domains/citycross.in/public_html/niswarthsewa/vendor/laravel/framework/src/Illuminate/Foundation/Http/Middleware/ConvertEmptyStringsToNull.php(31): Illuminate\\Foundation\\Http\\Middleware\\TransformsRequest->handle()
#37 /home/u599275633/domains/citycross.in/public_html/niswarthsewa/vendor/laravel/framework/src/Illuminate/Pipeline/Pipeline.php(180): Illuminate\\Foundation\\Http\\Middleware\\ConvertEmptyStringsToNull->handle()
#38 /home/u599275633/domains/citycross.in/public_html/niswarthsewa/vendor/laravel/framework/src/Illuminate/Foundation/Http/Middleware/TransformsRequest.php(21): Illuminate\\Pipeline\\Pipeline->Illuminate\\Pipeline\\{closure}()
#39 /home/u599275633/domains/citycross.in/public_html/niswarthsewa/vendor/laravel/framework/src/Illuminate/Foundation/Http/Middleware/TrimStrings.php(40): Illuminate\\Foundation\\Http\\Middleware\\TransformsRequest->handle()
#40 /home/u599275633/domains/citycross.in/public_html/niswarthsewa/vendor/laravel/framework/src/Illuminate/Pipeline/Pipeline.php(180): Illuminate\\Foundation\\Http\\Middleware\\TrimStrings->handle()
#41 /home/u599275633/domains/citycross.in/public_html/niswarthsewa/vendor/laravel/framework/src/Illuminate/Foundation/Http/Middleware/ValidatePostSize.php(27): Illuminate\\Pipeline\\Pipeline->Illuminate\\Pipeline\\{closure}()
#42 /home/u599275633/domains/citycross.in/public_html/niswarthsewa/vendor/laravel/framework/src/Illuminate/Pipeline/Pipeline.php(180): Illuminate\\Foundation\\Http\\Middleware\\ValidatePostSize->handle()
#43 /home/u599275633/domains/citycross.in/public_html/niswarthsewa/vendor/laravel/framework/src/Illuminate/Foundation/Http/Middleware/PreventRequestsDuringMaintenance.php(89): Illuminate\\Pipeline\\Pipeline->Illuminate\\Pipeline\\{closure}()
#44 /home/u599275633/domains/citycross.in/public_html/niswarthsewa/vendor/laravel/framework/src/Illuminate/Pipeline/Pipeline.php(180): Illuminate\\Foundation\\Http\\Middleware\\PreventRequestsDuringMaintenance->handle()
#45 /home/u599275633/domains/citycross.in/public_html/niswarthsewa/vendor/laravel/framework/src/Illuminate/Http/Middleware/HandleCors.php(49): Illuminate\\Pipeline\\Pipeline->Illuminate\\Pipeline\\{closure}()
#46 /home/u599275633/domains/citycross.in/public_html/niswarthsewa/vendor/laravel/framework/src/Illuminate/Pipeline/Pipeline.php(180): Illuminate\\Http\\Middleware\\HandleCors->handle()
#47 /home/u599275633/domains/citycross.in/public_html/niswarthsewa/vendor/laravel/framework/src/Illuminate/Http/Middleware/TrustProxies.php(39): Illuminate\\Pipeline\\Pipeline->Illuminate\\Pipeline\\{closure}()
#48 /home/u599275633/domains/citycross.in/public_html/niswarthsewa/vendor/laravel/framework/src/Illuminate/Pipeline/Pipeline.php(180): Illuminate\\Http\\Middleware\\TrustProxies->handle()
#49 /home/u599275633/domains/citycross.in/public_html/niswarthsewa/vendor/laravel/framework/src/Illuminate/Pipeline/Pipeline.php(116): Illuminate\\Pipeline\\Pipeline->Illuminate\\Pipeline\\{closure}()
#50 /home/u599275633/domains/citycross.in/public_html/niswarthsewa/vendor/laravel/framework/src/Illuminate/Foundation/Http/Kernel.php(175): Illuminate\\Pipeline\\Pipeline->then()
#51 /home/u599275633/domains/citycross.in/public_html/niswarthsewa/vendor/laravel/framework/src/Illuminate/Foundation/Http/Kernel.php(144): Illuminate\\Foundation\\Http\\Kernel->sendRequestThroughRouter()
#52 /home/u599275633/domains/citycross.in/public_html/niswarthsewa/public/index.php(51): Illuminate\\Foundation\\Http\\Kernel->handle()
#53 {main}

[previous exception] [object] (PDOException(code: 1045): SQLSTATE[HY000] [1045] Access denied for user 'root'@'127.0.0.1' (using password: NO) at /home/u599275633/domains/citycross.in/public_html/niswarthsewa/vendor/laravel/framework/src/Illuminate/Database/Connectors/Connector.php:65)
[stacktrace]
#0 /home/u599275633/domains/citycross.in/public_html/niswarthsewa/vendor/laravel/framework/src/Illuminate/Database/Connectors/Connector.php(65): PDO->__construct()
#1 /home/u599275633/domains/citycross.in/public_html/niswarthsewa/vendor/laravel/framework/src/Illuminate/Database/Connectors/Connector.php(44): Illuminate\\Database\\Connectors\\Connector->createPdoConnection()
#2 /home/u599275633/domains/citycross.in/public_html/niswarthsewa/vendor/laravel/framework/src/Illuminate/Database/Connectors/MySqlConnector.php(24): Illuminate\\Database\\Connectors\\Connector->createConnection()
#3 /home/u599275633/domains/citycross.in/public_html/niswarthsewa/vendor/laravel/framework/src/Illuminate/Database/Connectors/ConnectionFactory.php(184): Illuminate\\Database\\Connectors\\MySqlConnector->connect()
#4 [internal function]: Illuminate\\Database\\Connectors\\ConnectionFactory->Illuminate\\Database\\Connectors\\{closure}()
#5 /home/u599275633/domains/citycross.in/public_html/niswarthsewa/vendor/laravel/framework/src/Illuminate/Database/Connection.php(1292): call_user_func()
#6 /home/u599275633/domains/citycross.in/public_html/niswarthsewa/vendor/laravel/framework/src/Illuminate/Database/Connection.php(1328): Illuminate\\Database\\Connection->getPdo()
#7 /home/u599275633/domains/citycross.in/public_html/niswarthsewa/vendor/laravel/framework/src/Illuminate/Database/Connection.php(521): Illuminate\\Database\\Connection->getReadPdo()
#8 /home/u599275633/domains/citycross.in/public_html/niswarthsewa/vendor/laravel/framework/src/Illuminate/Database/Connection.php(416): Illuminate\\Database\\Connection->getPdoForSelect()
#9 /home/u599275633/domains/citycross.in/public_html/niswarthsewa/vendor/laravel/framework/src/Illuminate/Database/Connection.php(788): Illuminate\\Database\\Connection->Illuminate\\Database\\{closure}()
#10 /home/u599275633/domains/citycross.in/public_html/niswarthsewa/vendor/laravel/framework/src/Illuminate/Database/Connection.php(755): Illuminate\\Database\\Connection->runQueryCallback()
#11 /home/u599275633/domains/citycross.in/public_html/niswarthsewa/vendor/laravel/framework/src/Illuminate/Database/Connection.php(407): Illuminate\\Database\\Connection->run()
#12 /home/u599275633/domains/citycross.in/public_html/niswarthsewa/vendor/laravel/framework/src/Illuminate/Database/Query/Builder.php(2751): Illuminate\\Database\\Connection->select()
#13 /home/u599275633/domains/citycross.in/public_html/niswarthsewa/vendor/laravel/framework/src/Illuminate/Database/Query/Builder.php(2740): Illuminate\\Database\\Query\\Builder->runSelect()
#14 /home/u599275633/domains/citycross.in/public_html/niswarthsewa/vendor/laravel/framework/src/Illuminate/Database/Query/Builder.php(3294): Illuminate\\Database\\Query\\Builder->Illuminate\\Database\\Query\\{closure}()
#15 /home/u599275633/domains/citycross.in/public_html/niswarthsewa/vendor/laravel/framework/src/Illuminate/Database/Query/Builder.php(2739): Illuminate\\Database\\Query\\Builder->onceWithColumns()
#16 /home/u599275633/domains/citycross.in/public_html/niswarthsewa/vendor/laravel/framework/src/Illuminate/Database/Eloquent/Builder.php(737): Illuminate\\Database\\Query\\Builder->get()
#17 /home/u599275633/domains/citycross.in/public_html/niswarthsewa/vendor/laravel/framework/src/Illuminate/Database/Eloquent/Builder.php(721): Illuminate\\Database\\Eloquent\\Builder->getModels()
#18 /home/u599275633/domains/citycross.in/public_html/niswarthsewa/app/Http/Controllers/Frontend/HomeController.php(18): Illuminate\\Database\\Eloquent\\Builder->get()
#19 /home/u599275633/domains/citycross.in/public_html/niswarthsewa/vendor/laravel/framework/src/Illuminate/Routing/Controller.php(54): App\\Http\\Controllers\\Frontend\\HomeController->index()
#20 /home/u599275633/domains/citycross.in/public_html/niswarthsewa/vendor/laravel/framework/src/Illuminate/Routing/ControllerDispatcher.php(43): Illuminate\\Routing\\Controller->callAction()
#21 /home/u599275633/domains/citycross.in/public_html/niswarthsewa/vendor/laravel/framework/src/Illuminate/Routing/Route.php(259): Illuminate\\Routing\\ControllerDispatcher->dispatch()
#22 /home/u599275633/domains/citycross.in/public_html/niswarthsewa/vendor/laravel/framework/src/Illuminate/Routing/Route.php(205): Illuminate\\Routing\\Route->runController()
#23 /home/u599275633/domains/citycross.in/public_html/niswarthsewa/vendor/laravel/framework/src/Illuminate/Routing/Router.php(799): Illuminate\\Routing\\Route->run()
#24 /home/u599275633/domains/citycross.in/public_html/niswarthsewa/vendor/laravel/framework/src/Illuminate/Pipeline/Pipeline.php(141): Illuminate\\Routing\\Router->Illuminate\\Routing\\{closure}()
#25 /home/u599275633/domains/citycross.in/public_html/niswarthsewa/vendor/laravel/framework/src/Illuminate/Routing/Middleware/SubstituteBindings.php(50): Illuminate\\Pipeline\\Pipeline->Illuminate\\Pipeline\\{closure}()
#26 /home/u599275633/domains/citycross.in/public_html/niswarthsewa/vendor/laravel/framework/src/Illuminate/Pipeline/Pipeline.php(180): Illuminate\\Routing\\Middleware\\SubstituteBindings->handle()
#27 /home/u599275633/domains/citycross.in/public_html/niswarthsewa/vendor/laravel/framework/src/Illuminate/Foundation/Http/Middleware/VerifyCsrfToken.php(78): Illuminate\\Pipeline\\Pipeline->Illuminate\\Pipeline\\{closure}()
#28 /home/u599275633/domains/citycross.in/public_html/niswarthsewa/vendor/laravel/framework/src/Illuminate/Pipeline/Pipeline.php(180): Illuminate\\Foundation\\Http\\Middleware\\VerifyCsrfToken->handle()
#29 /home/u599275633/domains/citycross.in/public_html/niswarthsewa/vendor/laravel/framework/src/Illuminate/View/Middleware/ShareErrorsFromSession.php(49): Illuminate\\Pipeline\\Pipeline->Illuminate\\Pipeline\\{closure}()
#30 /home/u599275633/domains/citycross.in/public_html/niswarthsewa/vendor/laravel/framework/src/Illuminate/Pipeline/Pipeline.php(180): Illuminate\\View\\Middleware\\ShareErrorsFromSession->handle()
#31 /home/u599275633/domains/citycross.in/public_html/niswarthsewa/vendor/laravel/framework/src/Illuminate/Session/Middleware/StartSession.php(121): Illuminate\\Pipeline\\Pipeline->Illuminate\\Pipeline\\{closure}()
#32 /home/u599275633/domains/citycross.in/public_html/niswarthsewa/vendor/laravel/framework/src/Illuminate/Session/Middleware/StartSession.php(64): Illuminate\\Session\\Middleware\\StartSession->handleStatefulRequest()
#33 /home/u599275633/domains/citycross.in/public_html/niswarthsewa/vendor/laravel/framework/src/Illuminate/Pipeline/Pipeline.php(180): Illuminate\\Session\\Middleware\\StartSession->handle()
#34 /home/u599275633/domains/citycross.in/public_html/niswarthsewa/vendor/laravel/framework/src/Illuminate/Cookie/Middleware/AddQueuedCookiesToResponse.php(37): Illuminate\\Pipeline\\Pipeline->Illuminate\\Pipeline\\{closure}()
#35 /home/u599275633/domains/citycross.in/public_html/niswarthsewa/vendor/laravel/framework/src/Illuminate/Pipeline/Pipeline.php(180): Illuminate\\Cookie\\Middleware\\AddQueuedCookiesToResponse->handle()
#36 /home/u599275633/domains/citycross.in/public_html/niswarthsewa/vendor/laravel/framework/src/Illuminate/Cookie/Middleware/EncryptCookies.php(67): Illuminate\\Pipeline\\Pipeline->Illuminate\\Pipeline\\{closure}()
#37 /home/u599275633/domains/citycross.in/public_html/niswarthsewa/vendor/laravel/framework/src/Illuminate/Pipeline/Pipeline.php(180): Illuminate\\Cookie\\Middleware\\EncryptCookies->handle()
#38 /home/u599275633/domains/citycross.in/public_html/niswarthsewa/vendor/laravel/framework/src/Illuminate/Pipeline/Pipeline.php(116): Illuminate\\Pipeline\\Pipeline->Illuminate\\Pipeline\\{closure}()
#39 /home/u599275633/domains/citycross.in/public_html/niswarthsewa/vendor/laravel/framework/src/Illuminate/Routing/Router.php(798): Illuminate\\Pipeline\\Pipeline->then()
#40 /home/u599275633/domains/citycross.in/public_html/niswarthsewa/vendor/laravel/framework/src/Illuminate/Routing/Router.php(777): Illuminate\\Routing\\Router->runRouteWithinStack()
#41 /home/u599275633/domains/citycross.in/public_html/niswarthsewa/vendor/laravel/framework/src/Illuminate/Routing/Router.php(741): Illuminate\\Routing\\Router->runRoute()
#42 /home/u599275633/domains/citycross.in/public_html/niswarthsewa/vendor/laravel/framework/src/Illuminate/Routing/Router.php(730): Illuminate\\Routing\\Router->dispatchToRoute()
#43 /home/u599275633/domains/citycross.in/public_html/niswarthsewa/vendor/laravel/framework/src/Illuminate/Foundation/Http/Kernel.php(200): Illuminate\\Routing\\Router->dispatch()
#44 /home/u599275633/domains/citycross.in/public_html/niswarthsewa/vendor/laravel/framework/src/Illuminate/Pipeline/Pipeline.php(141): Illuminate\\Foundation\\Http\\Kernel->Illuminate\\Foundation\\Http\\{closure}()
#45 /home/u599275633/domains/citycross.in/public_html/niswarthsewa/vendor/laravel/framework/src/Illuminate/Foundation/Http/Middleware/TransformsRequest.php(21): Illuminate\\Pipeline\\Pipeline->Illuminate\\Pipeline\\{closure}()
#46 /home/u599275633/domains/citycross.in/public_html/niswarthsewa/vendor/laravel/framework/src/Illuminate/Foundation/Http/Middleware/ConvertEmptyStringsToNull.php(31): Illuminate\\Foundation\\Http\\Middleware\\TransformsRequest->handle()
#47 /home/u599275633/domains/citycross.in/public_html/niswarthsewa/vendor/laravel/framework/src/Illuminate/Pipeline/Pipeline.php(180): Illuminate\\Foundation\\Http\\Middleware\\ConvertEmptyStringsToNull->handle()
#48 /home/u599275633/domains/citycross.in/public_html/niswarthsewa/vendor/laravel/framework/src/Illuminate/Foundation/Http/Middleware/TransformsRequest.php(21): Illuminate\\Pipeline\\Pipeline->Illuminate\\Pipeline\\{closure}()
#49 /home/u599275633/domains/citycross.in/public_html/niswarthsewa/vendor/laravel/framework/src/Illuminate/Foundation/Http/Middleware/TrimStrings.php(40): Illuminate\\Foundation\\Http\\Middleware\\TransformsRequest->handle()
#50 /home/u599275633/domains/citycross.in/public_html/niswarthsewa/vendor/laravel/framework/src/Illuminate/Pipeline/Pipeline.php(180): Illuminate\\Foundation\\Http\\Middleware\\TrimStrings->handle()
#51 /home/u599275633/domains/citycross.in/public_html/niswarthsewa/vendor/laravel/framework/src/Illuminate/Foundation/Http/Middleware/ValidatePostSize.php(27): Illuminate\\Pipeline\\Pipeline->Illuminate\\Pipeline\\{closure}()
#52 /home/u599275633/domains/citycross.in/public_html/niswarthsewa/vendor/laravel/framework/src/Illuminate/Pipeline/Pipeline.php(180): Illuminate\\Foundation\\Http\\Middleware\\ValidatePostSize->handle()
#53 /home/u599275633/domains/citycross.in/public_html/niswarthsewa/vendor/laravel/framework/src/Illuminate/Foundation/Http/Middleware/PreventRequestsDuringMaintenance.php(89): Illuminate\\Pipeline\\Pipeline->Illuminate\\Pipeline\\{closure}()
#54 /home/u599275633/domains/citycross.in/public_html/niswarthsewa/vendor/laravel/framework/src/Illuminate/Pipeline/Pipeline.php(180): Illuminate\\Foundation\\Http\\Middleware\\PreventRequestsDuringMaintenance->handle()
#55 /home/u599275633/domains/citycross.in/public_html/niswarthsewa/vendor/laravel/framework/src/Illuminate/Http/Middleware/HandleCors.php(49): Illuminate\\Pipeline\\Pipeline->Illuminate\\Pipeline\\{closure}()
#56 /home/u599275633/domains/citycross.in/public_html/niswarthsewa/vendor/laravel/framework/src/Illuminate/Pipeline/Pipeline.php(180): Illuminate\\Http\\Middleware\\HandleCors->handle()
#57 /home/u599275633/domains/citycross.in/public_html/niswarthsewa/vendor/laravel/framework/src/Illuminate/Http/Middleware/TrustProxies.php(39): Illuminate\\Pipeline\\Pipeline->Illuminate\\Pipeline\\{closure}()
#58 /home/u599275633/domains/citycross.in/public_html/niswarthsewa/vendor/laravel/framework/src/Illuminate/Pipeline/Pipeline.php(180): Illuminate\\Http\\Middleware\\TrustProxies->handle()
#59 /home/u599275633/domains/citycross.in/public_html/niswarthsewa/vendor/laravel/framework/src/Illuminate/Pipeline/Pipeline.php(116): Illuminate\\Pipeline\\Pipeline->Illuminate\\Pipeline\\{closure}()
#60 /home/u599275633/domains/citycross.in/public_html/niswarthsewa/vendor/laravel/framework/src/Illuminate/Foundation/Http/Kernel.php(175): Illuminate\\Pipeline\\Pipeline->then()
#61 /home/u599275633/domains/citycross.in/public_html/niswarthsewa/vendor/laravel/framework/src/Illuminate/Foundation/Http/Kernel.php(144): Illuminate\\Foundation\\Http\\Kernel->sendRequestThroughRouter()
#62 /home/u599275633/domains/citycross.in/public_html/niswarthsewa/public/index.php(51): Illuminate\\Foundation\\Http\\Kernel->handle()
#63 {main}
"} 
[2025-06-30 10:52:21] local.ERROR: file_put_contents(D:\freah-admin-panel-with-login-register-and-middlewhere-role\goodvenue\storage\framework/sessions/Mcdp95jhkdLyOjenqS1QcZtJK2s0e0OHrNAjJvrl): Failed to open stream: No such file or directory {"exception":"[object] (ErrorException(code: 0): file_put_contents(D:\\freah-admin-panel-with-login-register-and-middlewhere-role\\goodvenue\\storage\\framework/sessions/Mcdp95jhkdLyOjenqS1QcZtJK2s0e0OHrNAjJvrl): Failed to open stream: No such file or directory at /home/u599275633/domains/citycross.in/public_html/niswarthsewa/vendor/laravel/framework/src/Illuminate/Filesystem/Filesystem.php:205)
[stacktrace]
#0 /home/u599275633/domains/citycross.in/public_html/niswarthsewa/vendor/laravel/framework/src/Illuminate/Foundation/Bootstrap/HandleExceptions.php(254): Illuminate\\Foundation\\Bootstrap\\HandleExceptions->handleError()
#1 [internal function]: Illuminate\\Foundation\\Bootstrap\\HandleExceptions->Illuminate\\Foundation\\Bootstrap\\{closure}()
#2 /home/u599275633/domains/citycross.in/public_html/niswarthsewa/vendor/laravel/framework/src/Illuminate/Filesystem/Filesystem.php(205): file_put_contents()
#3 /home/u599275633/domains/citycross.in/public_html/niswarthsewa/vendor/laravel/framework/src/Illuminate/Session/FileSessionHandler.php(90): Illuminate\\Filesystem\\Filesystem->put()
#4 /home/u599275633/domains/citycross.in/public_html/niswarthsewa/vendor/laravel/framework/src/Illuminate/Session/Store.php(172): Illuminate\\Session\\FileSessionHandler->write()
#5 /home/u599275633/domains/citycross.in/public_html/niswarthsewa/vendor/laravel/framework/src/Illuminate/Session/Middleware/StartSession.php(238): Illuminate\\Session\\Store->save()
#6 /home/u599275633/domains/citycross.in/public_html/niswarthsewa/vendor/laravel/framework/src/Illuminate/Session/Middleware/StartSession.php(130): Illuminate\\Session\\Middleware\\StartSession->saveSession()
#7 /home/u599275633/domains/citycross.in/public_html/niswarthsewa/vendor/laravel/framework/src/Illuminate/Session/Middleware/StartSession.php(64): Illuminate\\Session\\Middleware\\StartSession->handleStatefulRequest()
#8 /home/u599275633/domains/citycross.in/public_html/niswarthsewa/vendor/laravel/framework/src/Illuminate/Pipeline/Pipeline.php(180): Illuminate\\Session\\Middleware\\StartSession->handle()
#9 /home/u599275633/domains/citycross.in/public_html/niswarthsewa/vendor/laravel/framework/src/Illuminate/Cookie/Middleware/AddQueuedCookiesToResponse.php(37): Illuminate\\Pipeline\\Pipeline->Illuminate\\Pipeline\\{closure}()
#10 /home/u599275633/domains/citycross.in/public_html/niswarthsewa/vendor/laravel/framework/src/Illuminate/Pipeline/Pipeline.php(180): Illuminate\\Cookie\\Middleware\\AddQueuedCookiesToResponse->handle()
#11 /home/u599275633/domains/citycross.in/public_html/niswarthsewa/vendor/laravel/framework/src/Illuminate/Cookie/Middleware/EncryptCookies.php(67): Illuminate\\Pipeline\\Pipeline->Illuminate\\Pipeline\\{closure}()
#12 /home/u599275633/domains/citycross.in/public_html/niswarthsewa/vendor/laravel/framework/src/Illuminate/Pipeline/Pipeline.php(180): Illuminate\\Cookie\\Middleware\\EncryptCookies->handle()
#13 /home/u599275633/domains/citycross.in/public_html/niswarthsewa/vendor/laravel/framework/src/Illuminate/Pipeline/Pipeline.php(116): Illuminate\\Pipeline\\Pipeline->Illuminate\\Pipeline\\{closure}()
#14 /home/u599275633/domains/citycross.in/public_html/niswarthsewa/vendor/laravel/framework/src/Illuminate/Routing/Router.php(798): Illuminate\\Pipeline\\Pipeline->then()
#15 /home/u599275633/domains/citycross.in/public_html/niswarthsewa/vendor/laravel/framework/src/Illuminate/Routing/Router.php(777): Illuminate\\Routing\\Router->runRouteWithinStack()
#16 /home/u599275633/domains/citycross.in/public_html/niswarthsewa/vendor/laravel/framework/src/Illuminate/Routing/Router.php(741): Illuminate\\Routing\\Router->runRoute()
#17 /home/u599275633/domains/citycross.in/public_html/niswarthsewa/vendor/laravel/framework/src/Illuminate/Routing/Router.php(730): Illuminate\\Routing\\Router->dispatchToRoute()
#18 /home/u599275633/domains/citycross.in/public_html/niswarthsewa/vendor/laravel/framework/src/Illuminate/Foundation/Http/Kernel.php(200): Illuminate\\Routing\\Router->dispatch()
#19 /home/u599275633/domains/citycross.in/public_html/niswarthsewa/vendor/laravel/framework/src/Illuminate/Pipeline/Pipeline.php(141): Illuminate\\Foundation\\Http\\Kernel->Illuminate\\Foundation\\Http\\{closure}()
#20 /home/u599275633/domains/citycross.in/public_html/niswarthsewa/vendor/laravel/framework/src/Illuminate/Foundation/Http/Middleware/TransformsRequest.php(21): Illuminate\\Pipeline\\Pipeline->Illuminate\\Pipeline\\{closure}()
#21 /home/u599275633/domains/citycross.in/public_html/niswarthsewa/vendor/laravel/framework/src/Illuminate/Foundation/Http/Middleware/ConvertEmptyStringsToNull.php(31): Illuminate\\Foundation\\Http\\Middleware\\TransformsRequest->handle()
#22 /home/u599275633/domains/citycross.in/public_html/niswarthsewa/vendor/laravel/framework/src/Illuminate/Pipeline/Pipeline.php(180): Illuminate\\Foundation\\Http\\Middleware\\ConvertEmptyStringsToNull->handle()
#23 /home/u599275633/domains/citycross.in/public_html/niswarthsewa/vendor/laravel/framework/src/Illuminate/Foundation/Http/Middleware/TransformsRequest.php(21): Illuminate\\Pipeline\\Pipeline->Illuminate\\Pipeline\\{closure}()
#24 /home/u599275633/domains/citycross.in/public_html/niswarthsewa/vendor/laravel/framework/src/Illuminate/Foundation/Http/Middleware/TrimStrings.php(40): Illuminate\\Foundation\\Http\\Middleware\\TransformsRequest->handle()
#25 /home/u599275633/domains/citycross.in/public_html/niswarthsewa/vendor/laravel/framework/src/Illuminate/Pipeline/Pipeline.php(180): Illuminate\\Foundation\\Http\\Middleware\\TrimStrings->handle()
#26 /home/u599275633/domains/citycross.in/public_html/niswarthsewa/vendor/laravel/framework/src/Illuminate/Foundation/Http/Middleware/ValidatePostSize.php(27): Illuminate\\Pipeline\\Pipeline->Illuminate\\Pipeline\\{closure}()
#27 /home/u599275633/domains/citycross.in/public_html/niswarthsewa/vendor/laravel/framework/src/Illuminate/Pipeline/Pipeline.php(180): Illuminate\\Foundation\\Http\\Middleware\\ValidatePostSize->handle()
#28 /home/u599275633/domains/citycross.in/public_html/niswarthsewa/vendor/laravel/framework/src/Illuminate/Foundation/Http/Middleware/PreventRequestsDuringMaintenance.php(89): Illuminate\\Pipeline\\Pipeline->Illuminate\\Pipeline\\{closure}()
#29 /home/u599275633/domains/citycross.in/public_html/niswarthsewa/vendor/laravel/framework/src/Illuminate/Pipeline/Pipeline.php(180): Illuminate\\Foundation\\Http\\Middleware\\PreventRequestsDuringMaintenance->handle()
#30 /home/u599275633/domains/citycross.in/public_html/niswarthsewa/vendor/laravel/framework/src/Illuminate/Http/Middleware/HandleCors.php(49): Illuminate\\Pipeline\\Pipeline->Illuminate\\Pipeline\\{closure}()
#31 /home/u599275633/domains/citycross.in/public_html/niswarthsewa/vendor/laravel/framework/src/Illuminate/Pipeline/Pipeline.php(180): Illuminate\\Http\\Middleware\\HandleCors->handle()
#32 /home/u599275633/domains/citycross.in/public_html/niswarthsewa/vendor/laravel/framework/src/Illuminate/Http/Middleware/TrustProxies.php(39): Illuminate\\Pipeline\\Pipeline->Illuminate\\Pipeline\\{closure}()
#33 /home/u599275633/domains/citycross.in/public_html/niswarthsewa/vendor/laravel/framework/src/Illuminate/Pipeline/Pipeline.php(180): Illuminate\\Http\\Middleware\\TrustProxies->handle()
#34 /home/u599275633/domains/citycross.in/public_html/niswarthsewa/vendor/laravel/framework/src/Illuminate/Pipeline/Pipeline.php(116): Illuminate\\Pipeline\\Pipeline->Illuminate\\Pipeline\\{closure}()
#35 /home/u599275633/domains/citycross.in/public_html/niswarthsewa/vendor/laravel/framework/src/Illuminate/Foundation/Http/Kernel.php(175): Illuminate\\Pipeline\\Pipeline->then()
#36 /home/u599275633/domains/citycross.in/public_html/niswarthsewa/vendor/laravel/framework/src/Illuminate/Foundation/Http/Kernel.php(144): Illuminate\\Foundation\\Http\\Kernel->sendRequestThroughRouter()
#37 /home/u599275633/domains/citycross.in/public_html/niswarthsewa/public/index.php(51): Illuminate\\Foundation\\Http\\Kernel->handle()
#38 {main}
"} 
[2025-06-30 10:52:42] local.ERROR: Unable to prepare route [register] for serialization. Another route has already been assigned name [register]. {"exception":"[object] (LogicException(code: 0): Unable to prepare route [register] for serialization. Another route has already been assigned name [register]. at /home/u599275633/domains/citycross.in/public_html/niswarthsewa/vendor/laravel/framework/src/Illuminate/Routing/AbstractRouteCollection.php:247)
[stacktrace]
#0 /home/u599275633/domains/citycross.in/public_html/niswarthsewa/vendor/laravel/framework/src/Illuminate/Routing/AbstractRouteCollection.php(208): Illuminate\\Routing\\AbstractRouteCollection->addToSymfonyRoutesCollection()
#1 /home/u599275633/domains/citycross.in/public_html/niswarthsewa/vendor/laravel/framework/src/Illuminate/Routing/RouteCollection.php(246): Illuminate\\Routing\\AbstractRouteCollection->toSymfonyRouteCollection()
#2 /home/u599275633/domains/citycross.in/public_html/niswarthsewa/vendor/laravel/framework/src/Illuminate/Routing/AbstractRouteCollection.php(192): Illuminate\\Routing\\RouteCollection->toSymfonyRouteCollection()
#3 /home/u599275633/domains/citycross.in/public_html/niswarthsewa/vendor/laravel/framework/src/Illuminate/Routing/AbstractRouteCollection.php(163): Illuminate\\Routing\\AbstractRouteCollection->dumper()
#4 /home/u599275633/domains/citycross.in/public_html/niswarthsewa/vendor/laravel/framework/src/Illuminate/Foundation/Console/RouteCacheCommand.php(109): Illuminate\\Routing\\AbstractRouteCollection->compile()
#5 /home/u599275633/domains/citycross.in/public_html/niswarthsewa/vendor/laravel/framework/src/Illuminate/Foundation/Console/RouteCacheCommand.php(68): Illuminate\\Foundation\\Console\\RouteCacheCommand->buildRouteCacheFile()
#6 /home/u599275633/domains/citycross.in/public_html/niswarthsewa/vendor/laravel/framework/src/Illuminate/Container/BoundMethod.php(36): Illuminate\\Foundation\\Console\\RouteCacheCommand->handle()
#7 /home/u599275633/domains/citycross.in/public_html/niswarthsewa/vendor/laravel/framework/src/Illuminate/Container/Util.php(41): Illuminate\\Container\\BoundMethod::Illuminate\\Container\\{closure}()
#8 /home/u599275633/domains/citycross.in/public_html/niswarthsewa/vendor/laravel/framework/src/Illuminate/Container/BoundMethod.php(93): Illuminate\\Container\\Util::unwrapIfClosure()
#9 /home/u599275633/domains/citycross.in/public_html/niswarthsewa/vendor/laravel/framework/src/Illuminate/Container/BoundMethod.php(35): Illuminate\\Container\\BoundMethod::callBoundMethod()
#10 /home/u599275633/domains/citycross.in/public_html/niswarthsewa/vendor/laravel/framework/src/Illuminate/Container/Container.php(662): Illuminate\\Container\\BoundMethod::call()
#11 /home/u599275633/domains/citycross.in/public_html/niswarthsewa/vendor/laravel/framework/src/Illuminate/Console/Command.php(211): Illuminate\\Container\\Container->call()
#12 /home/u599275633/domains/citycross.in/public_html/niswarthsewa/vendor/symfony/console/Command/Command.php(326): Illuminate\\Console\\Command->execute()
#13 /home/u599275633/domains/citycross.in/public_html/niswarthsewa/vendor/laravel/framework/src/Illuminate/Console/Command.php(180): Symfony\\Component\\Console\\Command\\Command->run()
#14 /home/u599275633/domains/citycross.in/public_html/niswarthsewa/vendor/laravel/framework/src/Illuminate/Console/Concerns/CallsCommands.php(67): Illuminate\\Console\\Command->run()
#15 /home/u599275633/domains/citycross.in/public_html/niswarthsewa/vendor/laravel/framework/src/Illuminate/Console/Concerns/CallsCommands.php(40): Illuminate\\Console\\Command->runCommand()
#16 /home/u599275633/domains/citycross.in/public_html/niswarthsewa/vendor/laravel/framework/src/Illuminate/Foundation/Console/OptimizeCommand.php(36): Illuminate\\Console\\Command->callSilent()
#17 /home/u599275633/domains/citycross.in/public_html/niswarthsewa/vendor/laravel/framework/src/Illuminate/Console/View/Components/Task.php(37): Illuminate\\Foundation\\Console\\OptimizeCommand->Illuminate\\Foundation\\Console\\{closure}()
#18 /home/u599275633/domains/citycross.in/public_html/niswarthsewa/vendor/laravel/framework/src/Illuminate/Console/View/Components/Factory.php(58): Illuminate\\Console\\View\\Components\\Task->render()
#19 /home/u599275633/domains/citycross.in/public_html/niswarthsewa/vendor/laravel/framework/src/Illuminate/Foundation/Console/OptimizeCommand.php(37): Illuminate\\Console\\View\\Components\\Factory->__call()
#20 /home/u599275633/domains/citycross.in/public_html/niswarthsewa/vendor/laravel/framework/src/Illuminate/Collections/Traits/EnumeratesValues.php(236): Illuminate\\Foundation\\Console\\OptimizeCommand->Illuminate\\Foundation\\Console\\{closure}()
#21 /home/u599275633/domains/citycross.in/public_html/niswarthsewa/vendor/laravel/framework/src/Illuminate/Foundation/Console/OptimizeCommand.php(37): Illuminate\\Support\\Collection->each()
#22 /home/u599275633/domains/citycross.in/public_html/niswarthsewa/vendor/laravel/framework/src/Illuminate/Container/BoundMethod.php(36): Illuminate\\Foundation\\Console\\OptimizeCommand->handle()
#23 /home/u599275633/domains/citycross.in/public_html/niswarthsewa/vendor/laravel/framework/src/Illuminate/Container/Util.php(41): Illuminate\\Container\\BoundMethod::Illuminate\\Container\\{closure}()
#24 /home/u599275633/domains/citycross.in/public_html/niswarthsewa/vendor/laravel/framework/src/Illuminate/Container/BoundMethod.php(93): Illuminate\\Container\\Util::unwrapIfClosure()
#25 /home/u599275633/domains/citycross.in/public_html/niswarthsewa/vendor/laravel/framework/src/Illuminate/Container/BoundMethod.php(35): Illuminate\\Container\\BoundMethod::callBoundMethod()
#26 /home/u599275633/domains/citycross.in/public_html/niswarthsewa/vendor/laravel/framework/src/Illuminate/Container/Container.php(662): Illuminate\\Container\\BoundMethod::call()
#27 /home/u599275633/domains/citycross.in/public_html/niswarthsewa/vendor/laravel/framework/src/Illuminate/Console/Command.php(211): Illuminate\\Container\\Container->call()
#28 /home/u599275633/domains/citycross.in/public_html/niswarthsewa/vendor/symfony/console/Command/Command.php(326): Illuminate\\Console\\Command->execute()
#29 /home/u599275633/domains/citycross.in/public_html/niswarthsewa/vendor/laravel/framework/src/Illuminate/Console/Command.php(180): Symfony\\Component\\Console\\Command\\Command->run()
#30 /home/u599275633/domains/citycross.in/public_html/niswarthsewa/vendor/symfony/console/Application.php(1081): Illuminate\\Console\\Command->run()
#31 /home/u599275633/domains/citycross.in/public_html/niswarthsewa/vendor/symfony/console/Application.php(320): Symfony\\Component\\Console\\Application->doRunCommand()
#32 /home/u599275633/domains/citycross.in/public_html/niswarthsewa/vendor/symfony/console/Application.php(174): Symfony\\Component\\Console\\Application->doRun()
#33 /home/u599275633/domains/citycross.in/public_html/niswarthsewa/vendor/laravel/framework/src/Illuminate/Console/Application.php(162): Symfony\\Component\\Console\\Application->run()
#34 /home/u599275633/domains/citycross.in/public_html/niswarthsewa/vendor/laravel/framework/src/Illuminate/Foundation/Console/Kernel.php(400): Illuminate\\Console\\Application->call()
#35 /home/u599275633/domains/citycross.in/public_html/niswarthsewa/vendor/laravel/framework/src/Illuminate/Support/Facades/Facade.php(353): Illuminate\\Foundation\\Console\\Kernel->call()
#36 /home/u599275633/domains/citycross.in/public_html/niswarthsewa/routes/web.php(32): Illuminate\\Support\\Facades\\Facade::__callStatic()
#37 /home/u599275633/domains/citycross.in/public_html/niswarthsewa/vendor/laravel/framework/src/Illuminate/Routing/CallableDispatcher.php(40): Illuminate\\Routing\\RouteFileRegistrar->{closure}()
#38 /home/u599275633/domains/citycross.in/public_html/niswarthsewa/vendor/laravel/framework/src/Illuminate/Routing/Route.php(237): Illuminate\\Routing\\CallableDispatcher->dispatch()
#39 /home/u599275633/domains/citycross.in/public_html/niswarthsewa/vendor/laravel/framework/src/Illuminate/Routing/Route.php(208): Illuminate\\Routing\\Route->runCallable()
#40 /home/u599275633/domains/citycross.in/public_html/niswarthsewa/vendor/laravel/framework/src/Illuminate/Routing/Router.php(799): Illuminate\\Routing\\Route->run()
#41 /home/u599275633/domains/citycross.in/public_html/niswarthsewa/vendor/laravel/framework/src/Illuminate/Pipeline/Pipeline.php(141): Illuminate\\Routing\\Router->Illuminate\\Routing\\{closure}()
#42 /home/u599275633/domains/citycross.in/public_html/niswarthsewa/vendor/laravel/framework/src/Illuminate/Routing/Middleware/SubstituteBindings.php(50): Illuminate\\Pipeline\\Pipeline->Illuminate\\Pipeline\\{closure}()
#43 /home/u599275633/domains/citycross.in/public_html/niswarthsewa/vendor/laravel/framework/src/Illuminate/Pipeline/Pipeline.php(180): Illuminate\\Routing\\Middleware\\SubstituteBindings->handle()
#44 /home/u599275633/domains/citycross.in/public_html/niswarthsewa/vendor/laravel/framework/src/Illuminate/Foundation/Http/Middleware/VerifyCsrfToken.php(78): Illuminate\\Pipeline\\Pipeline->Illuminate\\Pipeline\\{closure}()
#45 /home/u599275633/domains/citycross.in/public_html/niswarthsewa/vendor/laravel/framework/src/Illuminate/Pipeline/Pipeline.php(180): Illuminate\\Foundation\\Http\\Middleware\\VerifyCsrfToken->handle()
#46 /home/u599275633/domains/citycross.in/public_html/niswarthsewa/vendor/laravel/framework/src/Illuminate/View/Middleware/ShareErrorsFromSession.php(49): Illuminate\\Pipeline\\Pipeline->Illuminate\\Pipeline\\{closure}()
#47 /home/u599275633/domains/citycross.in/public_html/niswarthsewa/vendor/laravel/framework/src/Illuminate/Pipeline/Pipeline.php(180): Illuminate\\View\\Middleware\\ShareErrorsFromSession->handle()
#48 /home/u599275633/domains/citycross.in/public_html/niswarthsewa/vendor/laravel/framework/src/Illuminate/Session/Middleware/StartSession.php(121): Illuminate\\Pipeline\\Pipeline->Illuminate\\Pipeline\\{closure}()
#49 /home/u599275633/domains/citycross.in/public_html/niswarthsewa/vendor/laravel/framework/src/Illuminate/Session/Middleware/StartSession.php(64): Illuminate\\Session\\Middleware\\StartSession->handleStatefulRequest()
#50 /home/u599275633/domains/citycross.in/public_html/niswarthsewa/vendor/laravel/framework/src/Illuminate/Pipeline/Pipeline.php(180): Illuminate\\Session\\Middleware\\StartSession->handle()
#51 /home/u599275633/domains/citycross.in/public_html/niswarthsewa/vendor/laravel/framework/src/Illuminate/Cookie/Middleware/AddQueuedCookiesToResponse.php(37): Illuminate\\Pipeline\\Pipeline->Illuminate\\Pipeline\\{closure}()
#52 /home/u599275633/domains/citycross.in/public_html/niswarthsewa/vendor/laravel/framework/src/Illuminate/Pipeline/Pipeline.php(180): Illuminate\\Cookie\\Middleware\\AddQueuedCookiesToResponse->handle()
#53 /home/u599275633/domains/citycross.in/public_html/niswarthsewa/vendor/laravel/framework/src/Illuminate/Cookie/Middleware/EncryptCookies.php(67): Illuminate\\Pipeline\\Pipeline->Illuminate\\Pipeline\\{closure}()
#54 /home/u599275633/domains/citycross.in/public_html/niswarthsewa/vendor/laravel/framework/src/Illuminate/Pipeline/Pipeline.php(180): Illuminate\\Cookie\\Middleware\\EncryptCookies->handle()
#55 /home/u599275633/domains/citycross.in/public_html/niswarthsewa/vendor/laravel/framework/src/Illuminate/Pipeline/Pipeline.php(116): Illuminate\\Pipeline\\Pipeline->Illuminate\\Pipeline\\{closure}()
#56 /home/u599275633/domains/citycross.in/public_html/niswarthsewa/vendor/laravel/framework/src/Illuminate/Routing/Router.php(798): Illuminate\\Pipeline\\Pipeline->then()
#57 /home/u599275633/domains/citycross.in/public_html/niswarthsewa/vendor/laravel/framework/src/Illuminate/Routing/Router.php(777): Illuminate\\Routing\\Router->runRouteWithinStack()
#58 /home/u599275633/domains/citycross.in/public_html/niswarthsewa/vendor/laravel/framework/src/Illuminate/Routing/Router.php(741): Illuminate\\Routing\\Router->runRoute()
#59 /home/u599275633/domains/citycross.in/public_html/niswarthsewa/vendor/laravel/framework/src/Illuminate/Routing/Router.php(730): Illuminate\\Routing\\Router->dispatchToRoute()
#60 /home/u599275633/domains/citycross.in/public_html/niswarthsewa/vendor/laravel/framework/src/Illuminate/Foundation/Http/Kernel.php(200): Illuminate\\Routing\\Router->dispatch()
#61 /home/u599275633/domains/citycross.in/public_html/niswarthsewa/vendor/laravel/framework/src/Illuminate/Pipeline/Pipeline.php(141): Illuminate\\Foundation\\Http\\Kernel->Illuminate\\Foundation\\Http\\{closure}()
#62 /home/u599275633/domains/citycross.in/public_html/niswarthsewa/vendor/laravel/framework/src/Illuminate/Foundation/Http/Middleware/TransformsRequest.php(21): Illuminate\\Pipeline\\Pipeline->Illuminate\\Pipeline\\{closure}()
#63 /home/u599275633/domains/citycross.in/public_html/niswarthsewa/vendor/laravel/framework/src/Illuminate/Foundation/Http/Middleware/ConvertEmptyStringsToNull.php(31): Illuminate\\Foundation\\Http\\Middleware\\TransformsRequest->handle()
#64 /home/u599275633/domains/citycross.in/public_html/niswarthsewa/vendor/laravel/framework/src/Illuminate/Pipeline/Pipeline.php(180): Illuminate\\Foundation\\Http\\Middleware\\ConvertEmptyStringsToNull->handle()
#65 /home/u599275633/domains/citycross.in/public_html/niswarthsewa/vendor/laravel/framework/src/Illuminate/Foundation/Http/Middleware/TransformsRequest.php(21): Illuminate\\Pipeline\\Pipeline->Illuminate\\Pipeline\\{closure}()
#66 /home/u599275633/domains/citycross.in/public_html/niswarthsewa/vendor/laravel/framework/src/Illuminate/Foundation/Http/Middleware/TrimStrings.php(40): Illuminate\\Foundation\\Http\\Middleware\\TransformsRequest->handle()
#67 /home/u599275633/domains/citycross.in/public_html/niswarthsewa/vendor/laravel/framework/src/Illuminate/Pipeline/Pipeline.php(180): Illuminate\\Foundation\\Http\\Middleware\\TrimStrings->handle()
#68 /home/u599275633/domains/citycross.in/public_html/niswarthsewa/vendor/laravel/framework/src/Illuminate/Foundation/Http/Middleware/ValidatePostSize.php(27): Illuminate\\Pipeline\\Pipeline->Illuminate\\Pipeline\\{closure}()
#69 /home/u599275633/domains/citycross.in/public_html/niswarthsewa/vendor/laravel/framework/src/Illuminate/Pipeline/Pipeline.php(180): Illuminate\\Foundation\\Http\\Middleware\\ValidatePostSize->handle()
#70 /home/u599275633/domains/citycross.in/public_html/niswarthsewa/vendor/laravel/framework/src/Illuminate/Foundation/Http/Middleware/PreventRequestsDuringMaintenance.php(89): Illuminate\\Pipeline\\Pipeline->Illuminate\\Pipeline\\{closure}()
#71 /home/u599275633/domains/citycross.in/public_html/niswarthsewa/vendor/laravel/framework/src/Illuminate/Pipeline/Pipeline.php(180): Illuminate\\Foundation\\Http\\Middleware\\PreventRequestsDuringMaintenance->handle()
#72 /home/u599275633/domains/citycross.in/public_html/niswarthsewa/vendor/laravel/framework/src/Illuminate/Http/Middleware/HandleCors.php(49): Illuminate\\Pipeline\\Pipeline->Illuminate\\Pipeline\\{closure}()
#73 /home/u599275633/domains/citycross.in/public_html/niswarthsewa/vendor/laravel/framework/src/Illuminate/Pipeline/Pipeline.php(180): Illuminate\\Http\\Middleware\\HandleCors->handle()
#74 /home/u599275633/domains/citycross.in/public_html/niswarthsewa/vendor/laravel/framework/src/Illuminate/Http/Middleware/TrustProxies.php(39): Illuminate\\Pipeline\\Pipeline->Illuminate\\Pipeline\\{closure}()
#75 /home/u599275633/domains/citycross.in/public_html/niswarthsewa/vendor/laravel/framework/src/Illuminate/Pipeline/Pipeline.php(180): Illuminate\\Http\\Middleware\\TrustProxies->handle()
#76 /home/u599275633/domains/citycross.in/public_html/niswarthsewa/vendor/laravel/framework/src/Illuminate/Pipeline/Pipeline.php(116): Illuminate\\Pipeline\\Pipeline->Illuminate\\Pipeline\\{closure}()
#77 /home/u599275633/domains/citycross.in/public_html/niswarthsewa/vendor/laravel/framework/src/Illuminate/Foundation/Http/Kernel.php(175): Illuminate\\Pipeline\\Pipeline->then()
#78 /home/u599275633/domains/citycross.in/public_html/niswarthsewa/vendor/laravel/framework/src/Illuminate/Foundation/Http/Kernel.php(144): Illuminate\\Foundation\\Http\\Kernel->sendRequestThroughRouter()
#79 /home/u599275633/domains/citycross.in/public_html/niswarthsewa/public/index.php(51): Illuminate\\Foundation\\Http\\Kernel->handle()
#80 {main}
"} 
[2025-06-30 10:52:42] local.ERROR: file_put_contents(D:\freah-admin-panel-with-login-register-and-middlewhere-role\goodvenue\storage\framework/sessions/ELu9oLAvIikneafRgVUUoqt4MViBSGLazkeYVpRB): Failed to open stream: No such file or directory {"exception":"[object] (ErrorException(code: 0): file_put_contents(D:\\freah-admin-panel-with-login-register-and-middlewhere-role\\goodvenue\\storage\\framework/sessions/ELu9oLAvIikneafRgVUUoqt4MViBSGLazkeYVpRB): Failed to open stream: No such file or directory at /home/u599275633/domains/citycross.in/public_html/niswarthsewa/vendor/laravel/framework/src/Illuminate/Filesystem/Filesystem.php:205)
[stacktrace]
#0 /home/u599275633/domains/citycross.in/public_html/niswarthsewa/vendor/laravel/framework/src/Illuminate/Foundation/Bootstrap/HandleExceptions.php(254): Illuminate\\Foundation\\Bootstrap\\HandleExceptions->handleError()
#1 [internal function]: Illuminate\\Foundation\\Bootstrap\\HandleExceptions->Illuminate\\Foundation\\Bootstrap\\{closure}()
#2 /home/u599275633/domains/citycross.in/public_html/niswarthsewa/vendor/laravel/framework/src/Illuminate/Filesystem/Filesystem.php(205): file_put_contents()
#3 /home/u599275633/domains/citycross.in/public_html/niswarthsewa/vendor/laravel/framework/src/Illuminate/Session/FileSessionHandler.php(90): Illuminate\\Filesystem\\Filesystem->put()
#4 /home/u599275633/domains/citycross.in/public_html/niswarthsewa/vendor/laravel/framework/src/Illuminate/Session/Store.php(172): Illuminate\\Session\\FileSessionHandler->write()
#5 /home/u599275633/domains/citycross.in/public_html/niswarthsewa/vendor/laravel/framework/src/Illuminate/Session/Middleware/StartSession.php(238): Illuminate\\Session\\Store->save()
#6 /home/u599275633/domains/citycross.in/public_html/niswarthsewa/vendor/laravel/framework/src/Illuminate/Session/Middleware/StartSession.php(130): Illuminate\\Session\\Middleware\\StartSession->saveSession()
#7 /home/u599275633/domains/citycross.in/public_html/niswarthsewa/vendor/laravel/framework/src/Illuminate/Session/Middleware/StartSession.php(64): Illuminate\\Session\\Middleware\\StartSession->handleStatefulRequest()
#8 /home/u599275633/domains/citycross.in/public_html/niswarthsewa/vendor/laravel/framework/src/Illuminate/Pipeline/Pipeline.php(180): Illuminate\\Session\\Middleware\\StartSession->handle()
#9 /home/u599275633/domains/citycross.in/public_html/niswarthsewa/vendor/laravel/framework/src/Illuminate/Cookie/Middleware/AddQueuedCookiesToResponse.php(37): Illuminate\\Pipeline\\Pipeline->Illuminate\\Pipeline\\{closure}()
#10 /home/u599275633/domains/citycross.in/public_html/niswarthsewa/vendor/laravel/framework/src/Illuminate/Pipeline/Pipeline.php(180): Illuminate\\Cookie\\Middleware\\AddQueuedCookiesToResponse->handle()
#11 /home/u599275633/domains/citycross.in/public_html/niswarthsewa/vendor/laravel/framework/src/Illuminate/Cookie/Middleware/EncryptCookies.php(67): Illuminate\\Pipeline\\Pipeline->Illuminate\\Pipeline\\{closure}()
#12 /home/u599275633/domains/citycross.in/public_html/niswarthsewa/vendor/laravel/framework/src/Illuminate/Pipeline/Pipeline.php(180): Illuminate\\Cookie\\Middleware\\EncryptCookies->handle()
#13 /home/u599275633/domains/citycross.in/public_html/niswarthsewa/vendor/laravel/framework/src/Illuminate/Pipeline/Pipeline.php(116): Illuminate\\Pipeline\\Pipeline->Illuminate\\Pipeline\\{closure}()
#14 /home/u599275633/domains/citycross.in/public_html/niswarthsewa/vendor/laravel/framework/src/Illuminate/Routing/Router.php(798): Illuminate\\Pipeline\\Pipeline->then()
#15 /home/u599275633/domains/citycross.in/public_html/niswarthsewa/vendor/laravel/framework/src/Illuminate/Routing/Router.php(777): Illuminate\\Routing\\Router->runRouteWithinStack()
#16 /home/u599275633/domains/citycross.in/public_html/niswarthsewa/vendor/laravel/framework/src/Illuminate/Routing/Router.php(741): Illuminate\\Routing\\Router->runRoute()
#17 /home/u599275633/domains/citycross.in/public_html/niswarthsewa/vendor/laravel/framework/src/Illuminate/Routing/Router.php(730): Illuminate\\Routing\\Router->dispatchToRoute()
#18 /home/u599275633/domains/citycross.in/public_html/niswarthsewa/vendor/laravel/framework/src/Illuminate/Foundation/Http/Kernel.php(200): Illuminate\\Routing\\Router->dispatch()
#19 /home/u599275633/domains/citycross.in/public_html/niswarthsewa/vendor/laravel/framework/src/Illuminate/Pipeline/Pipeline.php(141): Illuminate\\Foundation\\Http\\Kernel->Illuminate\\Foundation\\Http\\{closure}()
#20 /home/u599275633/domains/citycross.in/public_html/niswarthsewa/vendor/laravel/framework/src/Illuminate/Foundation/Http/Middleware/TransformsRequest.php(21): Illuminate\\Pipeline\\Pipeline->Illuminate\\Pipeline\\{closure}()
#21 /home/u599275633/domains/citycross.in/public_html/niswarthsewa/vendor/laravel/framework/src/Illuminate/Foundation/Http/Middleware/ConvertEmptyStringsToNull.php(31): Illuminate\\Foundation\\Http\\Middleware\\TransformsRequest->handle()
#22 /home/u599275633/domains/citycross.in/public_html/niswarthsewa/vendor/laravel/framework/src/Illuminate/Pipeline/Pipeline.php(180): Illuminate\\Foundation\\Http\\Middleware\\ConvertEmptyStringsToNull->handle()
#23 /home/u599275633/domains/citycross.in/public_html/niswarthsewa/vendor/laravel/framework/src/Illuminate/Foundation/Http/Middleware/TransformsRequest.php(21): Illuminate\\Pipeline\\Pipeline->Illuminate\\Pipeline\\{closure}()
#24 /home/u599275633/domains/citycross.in/public_html/niswarthsewa/vendor/laravel/framework/src/Illuminate/Foundation/Http/Middleware/TrimStrings.php(40): Illuminate\\Foundation\\Http\\Middleware\\TransformsRequest->handle()
#25 /home/u599275633/domains/citycross.in/public_html/niswarthsewa/vendor/laravel/framework/src/Illuminate/Pipeline/Pipeline.php(180): Illuminate\\Foundation\\Http\\Middleware\\TrimStrings->handle()
#26 /home/u599275633/domains/citycross.in/public_html/niswarthsewa/vendor/laravel/framework/src/Illuminate/Foundation/Http/Middleware/ValidatePostSize.php(27): Illuminate\\Pipeline\\Pipeline->Illuminate\\Pipeline\\{closure}()
#27 /home/u599275633/domains/citycross.in/public_html/niswarthsewa/vendor/laravel/framework/src/Illuminate/Pipeline/Pipeline.php(180): Illuminate\\Foundation\\Http\\Middleware\\ValidatePostSize->handle()
#28 /home/u599275633/domains/citycross.in/public_html/niswarthsewa/vendor/laravel/framework/src/Illuminate/Foundation/Http/Middleware/PreventRequestsDuringMaintenance.php(89): Illuminate\\Pipeline\\Pipeline->Illuminate\\Pipeline\\{closure}()
#29 /home/u599275633/domains/citycross.in/public_html/niswarthsewa/vendor/laravel/framework/src/Illuminate/Pipeline/Pipeline.php(180): Illuminate\\Foundation\\Http\\Middleware\\PreventRequestsDuringMaintenance->handle()
#30 /home/u599275633/domains/citycross.in/public_html/niswarthsewa/vendor/laravel/framework/src/Illuminate/Http/Middleware/HandleCors.php(49): Illuminate\\Pipeline\\Pipeline->Illuminate\\Pipeline\\{closure}()
#31 /home/u599275633/domains/citycross.in/public_html/niswarthsewa/vendor/laravel/framework/src/Illuminate/Pipeline/Pipeline.php(180): Illuminate\\Http\\Middleware\\HandleCors->handle()
#32 /home/u599275633/domains/citycross.in/public_html/niswarthsewa/vendor/laravel/framework/src/Illuminate/Http/Middleware/TrustProxies.php(39): Illuminate\\Pipeline\\Pipeline->Illuminate\\Pipeline\\{closure}()
#33 /home/u599275633/domains/citycross.in/public_html/niswarthsewa/vendor/laravel/framework/src/Illuminate/Pipeline/Pipeline.php(180): Illuminate\\Http\\Middleware\\TrustProxies->handle()
#34 /home/u599275633/domains/citycross.in/public_html/niswarthsewa/vendor/laravel/framework/src/Illuminate/Pipeline/Pipeline.php(116): Illuminate\\Pipeline\\Pipeline->Illuminate\\Pipeline\\{closure}()
#35 /home/u599275633/domains/citycross.in/public_html/niswarthsewa/vendor/laravel/framework/src/Illuminate/Foundation/Http/Kernel.php(175): Illuminate\\Pipeline\\Pipeline->then()
#36 /home/u599275633/domains/citycross.in/public_html/niswarthsewa/vendor/laravel/framework/src/Illuminate/Foundation/Http/Kernel.php(144): Illuminate\\Foundation\\Http\\Kernel->sendRequestThroughRouter()
#37 /home/u599275633/domains/citycross.in/public_html/niswarthsewa/public/index.php(51): Illuminate\\Foundation\\Http\\Kernel->handle()
#38 {main}
"} 
